x:\workspace\schoolphysics\physics\physics\release\vc120.pdb
x:\workspace\schoolphysics\physics\physics\release\springjoint.obj
x:\workspace\schoolphysics\physics\physics\release\sphereclass.obj
x:\workspace\schoolphysics\physics\physics\release\shadermanager.obj
x:\workspace\schoolphysics\physics\physics\release\rigidbody.obj
x:\workspace\schoolphysics\physics\physics\release\plane.obj
x:\workspace\schoolphysics\physics\physics\release\physicstute.obj
x:\workspace\schoolphysics\physics\physics\release\physicsscene.obj
x:\workspace\schoolphysics\physics\physics\release\flycamera.obj
x:\workspace\schoolphysics\physics\physics\release\gizmos.obj
x:\workspace\schoolphysics\physics\physics\release\camera.obj
x:\workspace\schoolphysics\physics\physics\release\application.obj
x:\workspace\schoolphysics\physics\physics\release\aabbclass.obj
x:\workspace\schoolphysics\physics\physics\release\physxtutorial.obj
x:\workspace\schoolphysics\physics\physics\release\particlefluidemitter.obj
x:\workspace\schoolphysics\physics\physics\release\particleemitter.obj
x:\workspace\schoolphysics\physics\physics\release\main.obj
x:\workspace\schoolphysics\physics\physics\release\gl_core_4_4.obj
x:\workspace\schoolphysics\physics\release\physics.exe
x:\workspace\schoolphysics\physics\release\physics.pdb
x:\workspace\schoolphysics\physics\physics\release\physics.tlog\cl.command.1.tlog
x:\workspace\schoolphysics\physics\physics\release\physics.tlog\cl.read.1.tlog
x:\workspace\schoolphysics\physics\physics\release\physics.tlog\cl.write.1.tlog
x:\workspace\schoolphysics\physics\physics\release\physics.tlog\link.command.1.tlog
x:\workspace\schoolphysics\physics\physics\release\physics.tlog\link.read.1.tlog
x:\workspace\schoolphysics\physics\physics\release\physics.tlog\link.write.1.tlog
