Build started 6/08/2015 11:13:51 AM.
     1>Project "C:\Users\andrew.giannopoulos\Desktop\SchoolPhysicsStuff\Physics\Physics\Physics.vcxproj" on node 2 (Build target(s)).
     1>ClCompile:
         C:\Program Files (x86)\Microsoft Visual Studio 12.0\VC\bin\CL.exe /c /IC:\Users\andrew.giannopoulos\Desktop\SchoolPhysicsStuff\Physics\Physics\dep\aieutil /IC:\Users\andrew.giannopoulos\Desktop\SchoolPhysicsStuff\Physics\Physics\dep\glm /I"C:\Users\andrew.giannopoulos\Desktop\SchoolPhysicsStuff\Physics\Physics\dep\glfw-3.1.bin.WIN32\include" /I"C:\Users\andrew.giannopoulos\Desktop\SchoolPhysicsStuff\Physics\Physics\dep\PhysX-3.3.2_WINDOWS_SDK_Core\Include" /IC:\Users\andrew.giannopoulos\Desktop\SchoolPhysicsStuff\Physics\Physics\dep\stb /Zi /nologo /W3 /WX- /sdl /O2 /Oi /Oy- /GL /D _CRT_SECURE_NO_WARNINGS /D GLM_SWIZZLE /D GLM_FORCE_PURE /D WIN32 /D _CONSOLE /D _MBCS /Gm- /EHsc /MD /GS /Gy /fp:precise /Zc:wchar_t /Zc:forScope /Fo"Release\\" /Fd"Release\vc120.pdb" /Gd /TP /analyze- /errorReport:prompt PhysXTutorial.cpp main.cpp
         PhysXTutorial.cpp
     1>PhysXTutorial.cpp(22): warning C4244: 'argument' : conversion from 'double' to 'physx::PxReal', possible loss of data
     1>PhysXTutorial.cpp(23): warning C4305: 'argument' : truncation from 'double' to 'physx::PxReal'
     1>PhysXTutorial.cpp(24): warning C4244: 'argument' : conversion from 'double' to 'physx::PxReal', possible loss of data
     1>PhysXTutorial.cpp(25): warning C4305: 'argument' : truncation from 'double' to 'physx::PxReal'
     1>PhysXTutorial.cpp(100): warning C4305: 'argument' : truncation from 'double' to 'physx::PxReal'
     1>PhysXTutorial.cpp(101): warning C4305: 'argument' : truncation from 'double' to 'physx::PxReal'
     1>PhysXTutorial.cpp(102): warning C4305: 'argument' : truncation from 'double' to 'physx::PxReal'
     1>PhysXTutorial.cpp(103): warning C4305: 'argument' : truncation from 'double' to 'physx::PxReal'
     1>PhysXTutorial.cpp(113): warning C4305: 'argument' : truncation from 'double' to 'float'
         main.cpp
       Link:
         C:\Program Files (x86)\Microsoft Visual Studio 12.0\VC\bin\link.exe /ERRORREPORT:PROMPT /OUT:"C:\Users\andrew.giannopoulos\Desktop\SchoolPhysicsStuff\Physics\Release\Physics.exe" /NOLOGO /LIBPATH:"C:\Users\andrew.giannopoulos\Desktop\SchoolPhysicsStuff\Physics\Physics\dep\glfw-3.1.bin.WIN32\lib-vc2013" /LIBPATH:"C:\Users\andrew.giannopoulos\Desktop\SchoolPhysicsStuff\Physics\Physics\dep\PhysX-3.3.2_WINDOWS_SDK_Core\Lib\vc12win32" PhysX3CharacterKinematic_x86.lib PhysX3Common_x86.lib PhysX3Cooking_x86.lib PhysX3Extensions.lib PhysX3Gpu_x86.lib PhysX3Vehicle.lib PhysXProfileSDK.lib PhysXVisualDebuggerSDK.lib PhysX3_x86.lib glfw3.lib opengl32.lib kernel32.lib user32.lib gdi32.lib winspool.lib comdlg32.lib advapi32.lib shell32.lib ole32.lib oleaut32.lib uuid.lib odbc32.lib odbccp32.lib /MANIFEST /MANIFESTUAC:"level='asInvoker' uiAccess='false'" /manifest:embed /DEBUG /PDB:"C:\Users\andrew.giannopoulos\Desktop\SchoolPhysicsStuff\Physics\Release\Physics.pdb" /OPT:REF /OPT:ICF /LTCG /TLBID:1 /DYNAMICBASE /NXCOMPAT /IMPLIB:"C:\Users\andrew.giannopoulos\Desktop\SchoolPhysicsStuff\Physics\Release\Physics.lib" /MACHINE:X86 /SAFESEH Release\AABBClass.obj
         Release\Application.obj
         Release\Camera.obj
         Release\Gizmos.obj
         Release\FlyCamera.obj
         Release\gl_core_4_4.obj
         Release\main.obj
         Release\ParticleEmitter.obj
         Release\ParticleFluidEmitter.obj
         Release\PhysicsScene.obj
         Release\PhysicsTute.obj
         Release\PhysXTutorial.obj
         Release\Plane.obj
         Release\RigidBody.obj
         Release\ShaderManager.obj
         Release\SphereClass.obj
         Release\SpringJoint.obj
         Generating code
         Finished generating code
         Physics.vcxproj -> C:\Users\andrew.giannopoulos\Desktop\SchoolPhysicsStuff\Physics\Release\Physics.exe
     1>Done Building Project "C:\Users\andrew.giannopoulos\Desktop\SchoolPhysicsStuff\Physics\Physics\Physics.vcxproj" (Build target(s)).

Build succeeded.

Time Elapsed 00:00:11.21
